<?xml version="1.0" encoding="UTF-8"?>
<!-- Generated by org.testng.reporters.JUnitReportReporter -->
<testsuite ignored="0" hostname="DESKTOP-SLTNURU" failures="0" tests="1" name="SampleTest" time="0.012" errors="0" timestamp="18 Nov. 2020 04:25:33 GMT" skipped="0">
  <testcase classname="SampleTest" name="oneTest" time="0.012"/>
</testsuite> <!-- SampleTest -->
