<?xml version="1.0" encoding="UTF-8"?>
<!-- Generated by org.testng.reporters.JUnitReportReporter -->
<testsuite ignored="0" hostname="DESKTOP-SLTNURU" failures="0" tests="1" name="com.dihans.pages.HomePageTest" time="10.760" errors="0" timestamp="19 Nov. 2020 04:12:17 GMT" skipped="0">
  <testcase classname="com.dihans.pages.HomePageTest" name="goToHomePageTest" time="10.760"/>
</testsuite> <!-- com.dihans.pages.HomePageTest -->
